2022-09-19 11:59:55,997:INFO:PyCaret Supervised Module
2022-09-19 11:59:55,998:INFO:ML Usecase: classification
2022-09-19 11:59:55,998:INFO:version 2.2.3
2022-09-19 11:59:55,998:INFO:Initializing setup()
2022-09-19 11:59:55,998:INFO:setup(target=Outcome, ml_usecase=classification, available_plots={'parameter': 'Hyperparameters', 'auc': 'AUC', 'confusion_matrix': 'Confusion Matrix', 'threshold': 'Threshold', 'pr': 'Precision Recall', 'error': 'Prediction Error', 'class_report': 'Class Report', 'rfe': 'Feature Selection', 'learning': 'Learning Curve', 'manifold': 'Manifold Learning', 'calibration': 'Calibration Curve', 'vc': 'Validation Curve', 'dimension': 'Dimensions', 'feature': 'Feature Importance', 'feature_all': 'Feature Importance (All)', 'boundary': 'Decision Boundary', 'lift': 'Lift Chart', 'gain': 'Gain Chart', 'tree': 'Decision Tree'}, train_size=0.7, test_data=None, preprocess=True, imputation_type=simple, iterative_imputation_iters=5, categorical_features=None, categorical_imputation=constant, categorical_iterative_imputer=lightgbm, ordinal_features=None, high_cardinality_features=None, high_cardinality_method=frequency, numeric_features=None, numeric_imputation=mean, numeric_iterative_imputer=lightgbm, date_features=None, ignore_features=None, normalize=False, normalize_method=zscore, transformation=False, transformation_method=yeo-johnson, handle_unknown_categorical=True, unknown_categorical_method=least_frequent, pca=False, pca_method=linear, pca_components=None, ignore_low_variance=False, combine_rare_levels=False, rare_level_threshold=0.1, bin_numeric_features=None, remove_outliers=False, outliers_threshold=0.05, remove_multicollinearity=False, multicollinearity_threshold=0.9, remove_perfect_collinearity=True, create_clusters=False, cluster_iter=20, polynomial_features=False, polynomial_degree=2, trigonometry_features=False, polynomial_threshold=0.1, group_features=None, group_names=None, feature_selection=False, feature_selection_threshold=0.8, feature_selection_method=classic, feature_interaction=False, feature_ratio=False, interaction_threshold=0.01, fix_imbalance=False, fix_imbalance_method=None, transform_target=False, transform_target_method=box-cox, data_split_shuffle=True, data_split_stratify=False, fold_strategy=stratifiedkfold, fold=10, fold_shuffle=False, fold_groups=None, n_jobs=-1, use_gpu=False, custom_pipeline=None, html=True, session_id=None, log_experiment=False, experiment_name=None, log_plots=False, log_profile=False, log_data=False, silent=False, verbose=True, profile=False, profile_kwargs=None, display=None)
2022-09-19 11:59:55,999:INFO:Checking environment
2022-09-19 11:59:55,999:INFO:python_version: 3.9.12
2022-09-19 11:59:55,999:INFO:python_build: ('main', 'Apr  4 2022 05:22:27')
2022-09-19 11:59:55,999:INFO:machine: AMD64
2022-09-19 11:59:55,999:INFO:platform: Windows-10-10.0.19043-SP0
2022-09-19 11:59:55,999:INFO:Memory: svmem(total=17014562816, available=6993166336, percent=58.9, used=10021396480, free=6993166336)
2022-09-19 11:59:56,000:INFO:Physical Core: 6
2022-09-19 11:59:56,000:INFO:Logical Core: 12
2022-09-19 11:59:56,000:INFO:Checking libraries
2022-09-19 11:59:56,000:INFO:pd==1.4.2
2022-09-19 11:59:56,000:INFO:numpy==1.21.5
2022-09-19 11:59:56,000:INFO:sklearn==1.0.2
2022-09-19 11:59:56,061:INFO:xgboost==1.6.1
2022-09-19 11:59:56,061:INFO:lightgbm==3.3.2
2022-09-19 11:59:56,295:INFO:catboost==1.0.4
2022-09-19 11:59:57,376:INFO:mlflow==1.28.0
2022-09-19 11:59:57,376:INFO:Checking Exceptions
2022-09-19 11:59:57,376:INFO:Declaring global variables
2022-09-19 11:59:57,376:INFO:USI: 08bd
2022-09-19 11:59:57,376:INFO:pycaret_globals: {'_ml_usecase', 'seed', 'n_jobs_param', 'fix_imbalance_param', 'y_train', 'fold_shuffle_param', 'imputation_classifier', 'stratify_param', 'fix_imbalance_method_param', 'USI', '_all_models', 'pycaret_globals', '_all_metrics', 'logging_param', 'master_model_container', 'imputation_regressor', 'fold_groups_param', '_available_plots', 'gpu_param', '_internal_pipeline', 'fold_generator', 'fold_param', 'experiment__', '_all_models_internal', '_gpu_n_jobs_param', 'exp_name_log', 'target_param', 'transform_target_method_param', 'y_test', 'create_model_container', 'html_param', 'X', 'X_test', 'display_container', 'y', 'X_train', 'iterative_imputation_iters_param', 'transform_target_param', 'prep_pipe', 'data_before_preprocess', 'log_plots_param'}
2022-09-19 11:59:57,376:INFO:Preparing display monitor
2022-09-19 11:59:57,376:INFO:Preparing display monitor
2022-09-19 11:59:57,391:INFO:Importing libraries
2022-09-19 11:59:57,391:INFO:Copying data for preprocessing
2022-09-19 11:59:57,391:INFO:Declaring preprocessing parameters
2022-09-19 11:59:57,391:INFO:Creating preprocessing pipeline
2022-09-19 11:59:57,407:INFO:Preprocessing pipeline created successfully
2022-09-19 11:59:57,407:ERROR:(Process Exit): setup has been interupted with user command 'quit'. setup must rerun.
2022-09-19 11:59:57,407:INFO:Creating global containers
2022-09-19 12:03:16,938:INFO:PyCaret Supervised Module
2022-09-19 12:03:16,938:INFO:ML Usecase: classification
2022-09-19 12:03:16,938:INFO:version 2.2.3
2022-09-19 12:03:16,938:INFO:Initializing setup()
2022-09-19 12:03:16,938:INFO:setup(target=Outcome, ml_usecase=classification, available_plots={'parameter': 'Hyperparameters', 'auc': 'AUC', 'confusion_matrix': 'Confusion Matrix', 'threshold': 'Threshold', 'pr': 'Precision Recall', 'error': 'Prediction Error', 'class_report': 'Class Report', 'rfe': 'Feature Selection', 'learning': 'Learning Curve', 'manifold': 'Manifold Learning', 'calibration': 'Calibration Curve', 'vc': 'Validation Curve', 'dimension': 'Dimensions', 'feature': 'Feature Importance', 'feature_all': 'Feature Importance (All)', 'boundary': 'Decision Boundary', 'lift': 'Lift Chart', 'gain': 'Gain Chart', 'tree': 'Decision Tree'}, train_size=0.7, test_data=None, preprocess=True, imputation_type=simple, iterative_imputation_iters=5, categorical_features=None, categorical_imputation=constant, categorical_iterative_imputer=lightgbm, ordinal_features=None, high_cardinality_features=None, high_cardinality_method=frequency, numeric_features=None, numeric_imputation=mean, numeric_iterative_imputer=lightgbm, date_features=None, ignore_features=None, normalize=False, normalize_method=zscore, transformation=False, transformation_method=yeo-johnson, handle_unknown_categorical=True, unknown_categorical_method=least_frequent, pca=False, pca_method=linear, pca_components=None, ignore_low_variance=False, combine_rare_levels=False, rare_level_threshold=0.1, bin_numeric_features=None, remove_outliers=False, outliers_threshold=0.05, remove_multicollinearity=False, multicollinearity_threshold=0.9, remove_perfect_collinearity=True, create_clusters=False, cluster_iter=20, polynomial_features=False, polynomial_degree=2, trigonometry_features=False, polynomial_threshold=0.1, group_features=None, group_names=None, feature_selection=False, feature_selection_threshold=0.8, feature_selection_method=classic, feature_interaction=False, feature_ratio=False, interaction_threshold=0.01, fix_imbalance=False, fix_imbalance_method=None, transform_target=False, transform_target_method=box-cox, data_split_shuffle=True, data_split_stratify=False, fold_strategy=stratifiedkfold, fold=10, fold_shuffle=False, fold_groups=None, n_jobs=-1, use_gpu=False, custom_pipeline=None, html=True, session_id=None, log_experiment=False, experiment_name=None, log_plots=False, log_profile=False, log_data=False, silent=False, verbose=True, profile=False, profile_kwargs=None, display=None)
2022-09-19 12:03:16,938:INFO:Checking environment
2022-09-19 12:03:16,938:INFO:python_version: 3.9.12
2022-09-19 12:03:16,938:INFO:python_build: ('main', 'Apr  4 2022 05:22:27')
2022-09-19 12:03:16,938:INFO:machine: AMD64
2022-09-19 12:03:16,938:INFO:platform: Windows-10-10.0.19043-SP0
2022-09-19 12:03:16,938:INFO:Memory: svmem(total=17014562816, available=6864412672, percent=59.7, used=10150150144, free=6864412672)
2022-09-19 12:03:16,938:INFO:Physical Core: 6
2022-09-19 12:03:16,938:INFO:Logical Core: 12
2022-09-19 12:03:16,938:INFO:Checking libraries
2022-09-19 12:03:16,938:INFO:pd==1.4.2
2022-09-19 12:03:16,938:INFO:numpy==1.21.5
2022-09-19 12:03:16,938:INFO:sklearn==1.0.2
2022-09-19 12:03:16,938:INFO:xgboost==1.6.1
2022-09-19 12:03:16,938:INFO:lightgbm==3.3.2
2022-09-19 12:03:16,938:INFO:catboost==1.0.4
2022-09-19 12:03:16,938:INFO:mlflow==1.28.0
2022-09-19 12:03:16,938:INFO:Checking Exceptions
2022-09-19 12:03:16,938:INFO:Declaring global variables
2022-09-19 12:03:16,938:INFO:USI: 41bf
2022-09-19 12:03:16,938:INFO:pycaret_globals: {'_ml_usecase', 'seed', 'n_jobs_param', 'fix_imbalance_param', 'y_train', 'fold_shuffle_param', 'imputation_classifier', 'stratify_param', 'fix_imbalance_method_param', 'USI', '_all_models', 'pycaret_globals', '_all_metrics', 'logging_param', 'master_model_container', 'imputation_regressor', 'fold_groups_param', '_available_plots', 'gpu_param', '_internal_pipeline', 'fold_generator', 'fold_param', 'experiment__', '_all_models_internal', '_gpu_n_jobs_param', 'exp_name_log', 'target_param', 'transform_target_method_param', 'y_test', 'create_model_container', 'html_param', 'X', 'X_test', 'display_container', 'y', 'X_train', 'iterative_imputation_iters_param', 'transform_target_param', 'prep_pipe', 'data_before_preprocess', 'log_plots_param'}
2022-09-19 12:03:16,938:INFO:Preparing display monitor
2022-09-19 12:03:16,938:INFO:Preparing display monitor
2022-09-19 12:03:16,954:INFO:Importing libraries
2022-09-19 12:03:16,954:INFO:Copying data for preprocessing
2022-09-19 12:03:16,954:INFO:Declaring preprocessing parameters
2022-09-19 12:03:16,954:INFO:Creating preprocessing pipeline
2022-09-19 12:03:16,954:INFO:Preprocessing pipeline created successfully
2022-09-19 12:03:16,954:ERROR:(Process Exit): setup has been interupted with user command 'quit'. setup must rerun.
2022-09-19 12:03:16,954:INFO:Creating global containers
2022-09-19 12:05:35,998:INFO:PyCaret Supervised Module
2022-09-19 12:05:35,998:INFO:ML Usecase: classification
2022-09-19 12:05:35,998:INFO:version 2.2.3
2022-09-19 12:05:35,998:INFO:Initializing setup()
2022-09-19 12:05:35,998:INFO:setup(target=Outcome, ml_usecase=classification, available_plots={'parameter': 'Hyperparameters', 'auc': 'AUC', 'confusion_matrix': 'Confusion Matrix', 'threshold': 'Threshold', 'pr': 'Precision Recall', 'error': 'Prediction Error', 'class_report': 'Class Report', 'rfe': 'Feature Selection', 'learning': 'Learning Curve', 'manifold': 'Manifold Learning', 'calibration': 'Calibration Curve', 'vc': 'Validation Curve', 'dimension': 'Dimensions', 'feature': 'Feature Importance', 'feature_all': 'Feature Importance (All)', 'boundary': 'Decision Boundary', 'lift': 'Lift Chart', 'gain': 'Gain Chart', 'tree': 'Decision Tree'}, train_size=0.7, test_data=None, preprocess=True, imputation_type=simple, iterative_imputation_iters=5, categorical_features=None, categorical_imputation=constant, categorical_iterative_imputer=lightgbm, ordinal_features=None, high_cardinality_features=None, high_cardinality_method=frequency, numeric_features=None, numeric_imputation=mean, numeric_iterative_imputer=lightgbm, date_features=None, ignore_features=None, normalize=False, normalize_method=zscore, transformation=False, transformation_method=yeo-johnson, handle_unknown_categorical=True, unknown_categorical_method=least_frequent, pca=False, pca_method=linear, pca_components=None, ignore_low_variance=False, combine_rare_levels=False, rare_level_threshold=0.1, bin_numeric_features=None, remove_outliers=False, outliers_threshold=0.05, remove_multicollinearity=False, multicollinearity_threshold=0.9, remove_perfect_collinearity=True, create_clusters=False, cluster_iter=20, polynomial_features=False, polynomial_degree=2, trigonometry_features=False, polynomial_threshold=0.1, group_features=None, group_names=None, feature_selection=False, feature_selection_threshold=0.8, feature_selection_method=classic, feature_interaction=False, feature_ratio=False, interaction_threshold=0.01, fix_imbalance=False, fix_imbalance_method=None, transform_target=False, transform_target_method=box-cox, data_split_shuffle=True, data_split_stratify=False, fold_strategy=stratifiedkfold, fold=10, fold_shuffle=True, fold_groups=None, n_jobs=-1, use_gpu=False, custom_pipeline=None, html=True, session_id=None, log_experiment=False, experiment_name=None, log_plots=False, log_profile=False, log_data=False, silent=False, verbose=True, profile=False, profile_kwargs=None, display=None)
2022-09-19 12:05:35,998:INFO:Checking environment
2022-09-19 12:05:35,998:INFO:python_version: 3.9.12
2022-09-19 12:05:35,998:INFO:python_build: ('main', 'Apr  4 2022 05:22:27')
2022-09-19 12:05:35,998:INFO:machine: AMD64
2022-09-19 12:05:35,998:INFO:platform: Windows-10-10.0.19043-SP0
2022-09-19 12:05:35,998:INFO:Memory: svmem(total=17014562816, available=6654005248, percent=60.9, used=10360557568, free=6654005248)
2022-09-19 12:05:35,998:INFO:Physical Core: 6
2022-09-19 12:05:35,998:INFO:Logical Core: 12
2022-09-19 12:05:35,998:INFO:Checking libraries
2022-09-19 12:05:35,998:INFO:pd==1.4.2
2022-09-19 12:05:35,998:INFO:numpy==1.21.5
2022-09-19 12:05:35,998:INFO:sklearn==1.0.2
2022-09-19 12:05:35,998:INFO:xgboost==1.6.1
2022-09-19 12:05:35,998:INFO:lightgbm==3.3.2
2022-09-19 12:05:35,998:INFO:catboost==1.0.4
2022-09-19 12:05:35,998:INFO:mlflow==1.28.0
2022-09-19 12:05:35,998:INFO:Checking Exceptions
2022-09-19 12:05:35,998:INFO:Declaring global variables
2022-09-19 12:05:35,998:INFO:USI: 2ce8
2022-09-19 12:05:35,998:INFO:pycaret_globals: {'_ml_usecase', 'seed', 'n_jobs_param', 'fix_imbalance_param', 'y_train', 'fold_shuffle_param', 'imputation_classifier', 'stratify_param', 'fix_imbalance_method_param', 'USI', '_all_models', 'pycaret_globals', '_all_metrics', 'logging_param', 'master_model_container', 'imputation_regressor', 'fold_groups_param', '_available_plots', 'gpu_param', '_internal_pipeline', 'fold_generator', 'fold_param', 'experiment__', '_all_models_internal', '_gpu_n_jobs_param', 'exp_name_log', 'target_param', 'transform_target_method_param', 'y_test', 'create_model_container', 'html_param', 'X', 'X_test', 'display_container', 'y', 'X_train', 'iterative_imputation_iters_param', 'transform_target_param', 'prep_pipe', 'data_before_preprocess', 'log_plots_param'}
2022-09-19 12:05:35,998:INFO:Preparing display monitor
2022-09-19 12:05:35,998:INFO:Preparing display monitor
2022-09-19 12:05:36,014:INFO:Importing libraries
2022-09-19 12:05:36,014:INFO:Copying data for preprocessing
2022-09-19 12:05:36,023:INFO:Declaring preprocessing parameters
2022-09-19 12:05:36,025:INFO:Creating preprocessing pipeline
2022-09-19 12:05:36,029:INFO:Preprocessing pipeline created successfully
2022-09-19 12:05:36,029:ERROR:(Process Exit): setup has been interupted with user command 'quit'. setup must rerun.
2022-09-19 12:05:36,029:INFO:Creating global containers
2022-09-19 12:05:36,032:INFO:Internal pipeline: Pipeline(memory=None, steps=[('empty_step', 'passthrough')], verbose=False)
2022-09-19 12:05:40,074:INFO:Creating grid variables
2022-09-19 12:05:40,084:INFO:create_model_container: 0
2022-09-19 12:05:40,085:INFO:master_model_container: 0
2022-09-19 12:05:40,085:INFO:display_container: 1
